<?xml version="1.0" encoding="UTF-8"?>
<!-- Generated by org.testng.reporters.JUnitReportReporter -->
<testsuite hostname="DESKTOP-DKGN2UQ" failures="0" tests="2" name="testNG.Test_TestNG" time="0.005" errors="0" timestamp="2023-03-01T19:48:55 CST" skipped="0">
  <testcase classname="testNG.Test_TestNG" name="add" time="0.003"/>
  <system-out/>
  <testcase classname="testNG.Test_TestNG" name="sub" time="0.002"/>
  <system-out/>
</testsuite> <!-- testNG.Test_TestNG -->
