<?xml version="1.0" encoding="UTF-8"?>
<!-- Generated by org.testng.reporters.JUnitReportReporter -->
<testsuite hostname="DESKTOP-DKGN2UQ" failures="0" tests="4" name="testNG.Annotation_2" time="0.035" errors="0" timestamp="2023-03-11T18:37:30 CST" skipped="0">
  <testcase classname="testNG.Annotation_2" name="z" time="0.018"/>
  <system-out/>
  <testcase classname="testNG.Annotation_2" name="a" time="0.008"/>
  <system-out/>
  <testcase classname="testNG.Annotation_2" name="m" time="0.003"/>
  <system-out/>
  <testcase classname="testNG.Annotation_2" name="f" time="0.006"/>
  <system-out/>
</testsuite> <!-- testNG.Annotation_2 -->
