<?xml version="1.0" encoding="UTF-8"?>
<!-- Generated by org.testng.reporters.JUnitReportReporter -->
<testsuite hostname="DESKTOP-DKGN2UQ" failures="0" tests="4" name="testNG.Annotation_1" time="0.034" errors="0" timestamp="2023-03-11T18:33:47 CST" skipped="0">
  <testcase classname="testNG.Annotation_1" name="a" time="0.015"/>
  <system-out/>
  <testcase classname="testNG.Annotation_1" name="f" time="0.006"/>
  <system-out/>
  <testcase classname="testNG.Annotation_1" name="m" time="0.007"/>
  <system-out/>
  <testcase classname="testNG.Annotation_1" name="z" time="0.006"/>
  <system-out/>
</testsuite> <!-- testNG.Annotation_1 -->
