<?xml version="1.0" encoding="UTF-8"?>
<!-- Generated by org.testng.reporters.JUnitReportReporter -->
<testsuite hostname="DESKTOP-DKGN2UQ" failures="0" tests="1" name="testNG.NewTest" time="23.957" errors="0" timestamp="2023-03-01T19:48:55 CST" skipped="0">
  <testcase classname="testNG.NewTest" name="f" time="23.957"/>
  <system-out/>
</testsuite> <!-- testNG.NewTest -->
