<?xml version="1.0" encoding="UTF-8"?>
<!-- Generated by org.testng.reporters.JUnitReportReporter -->
<testsuite hostname="DESKTOP-DKGN2UQ" failures="0" tests="2" name="testNG.TestNG" time="0.027" errors="0" timestamp="2023-03-01T19:46:46 CST" skipped="0">
  <testcase classname="testNG.TestNG" name="sub" time="0.010"/>
  <system-out/>
  <testcase classname="testNG.TestNG" name="add" time="0.017"/>
  <system-out/>
</testsuite> <!-- testNG.TestNG -->
